[INFO][2016-04-07 00:02:44,461][org.springframework.test.context.support.DefaultTestContextBootstrapper]Loaded default TestExecutionListener class names from location [META-INF/spring.factories]: [org.springframework.test.context.web.ServletTestExecutionListener, org.springframework.test.context.support.DirtiesContextBeforeModesTestExecutionListener, org.springframework.test.context.support.DependencyInjectionTestExecutionListener, org.springframework.test.context.support.DirtiesContextTestExecutionListener, org.springframework.test.context.transaction.TransactionalTestExecutionListener, org.springframework.test.context.jdbc.SqlScriptsTestExecutionListener]
[INFO][2016-04-07 00:02:44,486][org.springframework.test.context.support.DefaultTestContextBootstrapper]Using TestExecutionListeners: [org.springframework.test.context.web.ServletTestExecutionListener@1810399e, org.springframework.test.context.support.DirtiesContextBeforeModesTestExecutionListener@32d992b2, org.springframework.test.context.support.DependencyInjectionTestExecutionListener@215be6bb, org.springframework.test.context.support.DirtiesContextTestExecutionListener@4439f31e, org.springframework.test.context.transaction.TransactionalTestExecutionListener@5dfcfece, org.springframework.test.context.jdbc.SqlScriptsTestExecutionListener@23ceabc1]
[INFO][2016-04-07 00:02:44,588][org.springframework.beans.factory.xml.XmlBeanDefinitionReader]Loading XML bean definitions from class path resource [Spring.xml]
[INFO][2016-04-07 00:02:44,804][org.springframework.beans.factory.xml.XmlBeanDefinitionReader]Loading XML bean definitions from class path resource [Spring-Hibernate.xml]
[INFO][2016-04-07 00:02:44,902][org.springframework.context.support.GenericApplicationContext]Refreshing org.springframework.context.support.GenericApplicationContext@4dfa3a9d: startup date [Thu Apr 07 00:02:44 CST 2016]; root of context hierarchy
[INFO][2016-04-07 00:02:45,310][com.mchange.v2.log.MLog]MLog clients using slf4j logging.
[INFO][2016-04-07 00:02:45,539][com.mchange.v2.c3p0.C3P0Registry]Initializing c3p0-0.9.5.2 [built 08-December-2015 22:06:04 -0800; debug? true; trace: 10]
[INFO][2016-04-07 00:02:45,784][org.hibernate.annotations.common.Version]HCANN000001: Hibernate Commons Annotations {4.0.5.Final}
[INFO][2016-04-07 00:02:45,790][org.hibernate.Version]HHH000412: Hibernate Core {4.3.11.Final}
[INFO][2016-04-07 00:02:45,791][org.hibernate.cfg.Environment]HHH000206: hibernate.properties not found
[INFO][2016-04-07 00:02:45,793][org.hibernate.cfg.Environment]HHH000021: Bytecode provider name : javassist
[INFO][2016-04-07 00:02:45,922][com.mchange.v2.c3p0.impl.AbstractPoolBackedDataSource]Initializing c3p0 pool... com.mchange.v2.c3p0.ComboPooledDataSource [ acquireIncrement -> 1, acquireRetryAttempts -> 30, acquireRetryDelay -> 1000, autoCommitOnClose -> false, automaticTestTable -> null, breakAfterAcquireFailure -> false, checkoutTimeout -> 0, connectionCustomizerClassName -> null, connectionTesterClassName -> com.mchange.v2.c3p0.impl.DefaultConnectionTester, contextClassLoaderSource -> caller, dataSourceName -> 1b60fev9f1tkg92iud47gd|74d1dc36, debugUnreturnedConnectionStackTraces -> false, description -> null, driverClass -> com.mysql.jdbc.Driver, extensions -> {}, factoryClassLocation -> null, forceIgnoreUnresolvedTransactions -> false, forceSynchronousCheckins -> false, forceUseNamedDriverClass -> false, identityToken -> 1b60fev9f1tkg92iud47gd|74d1dc36, idleConnectionTestPeriod -> 60, initialPoolSize -> 3, jdbcUrl -> jdbc:mysql://localhost:3306/passwordbox?characterEncoding=UTF-8, maxAdministrativeTaskTime -> 0, maxConnectionAge -> 0, maxIdleTime -> 60, maxIdleTimeExcessConnections -> 0, maxPoolSize -> 150, maxStatements -> 0, maxStatementsPerConnection -> 0, minPoolSize -> 1, numHelperThreads -> 3, preferredTestQuery -> null, privilegeSpawnedThreads -> false, properties -> {user=******, password=******}, propertyCycle -> 0, statementCacheNumDeferredCloseThreads -> 0, testConnectionOnCheckin -> false, testConnectionOnCheckout -> false, unreturnedConnectionTimeout -> 0, userOverrides -> {}, usesTraditionalReflectiveProxies -> false ]
[INFO][2016-04-07 00:02:46,279][org.hibernate.dialect.Dialect]HHH000400: Using dialect: org.hibernate.dialect.MySQLDialect
[INFO][2016-04-07 00:02:46,410][org.hibernate.engine.transaction.internal.TransactionFactoryInitiator]HHH000399: Using default transaction strategy (direct JDBC transactions)
[INFO][2016-04-07 00:02:46,415][org.hibernate.hql.internal.ast.ASTQueryTranslatorFactory]HHH000397: Using ASTQueryTranslatorFactory
[INFO][2016-04-07 00:02:46,853][org.springframework.orm.hibernate4.HibernateTransactionManager]Using DataSource [com.mchange.v2.c3p0.ComboPooledDataSource[ identityToken -> 1b60fev9f1tkg92iud47gd|74d1dc36, dataSourceName -> 1b60fev9f1tkg92iud47gd|74d1dc36 ]] of Hibernate SessionFactory for HibernateTransactionManager
[WARN][2016-04-07 00:02:47,372][org.hibernate.hql.internal.ast.HqlSqlWalker][DEPRECATION] Encountered positional parameter near line 1, column 52 in HQL: [from com.henry.entity.Password p where p.user.id = ?].  Positional parameter are considered deprecated; use named parameters or JPA-style positional parameters instead.
[INFO][2016-04-07 00:02:47,576][org.springframework.context.support.GenericApplicationContext]Closing org.springframework.context.support.GenericApplicationContext@4dfa3a9d: startup date [Thu Apr 07 00:02:44 CST 2016]; root of context hierarchy
[INFO][2016-04-07 00:06:20,165][org.springframework.test.context.support.DefaultTestContextBootstrapper]Loaded default TestExecutionListener class names from location [META-INF/spring.factories]: [org.springframework.test.context.web.ServletTestExecutionListener, org.springframework.test.context.support.DirtiesContextBeforeModesTestExecutionListener, org.springframework.test.context.support.DependencyInjectionTestExecutionListener, org.springframework.test.context.support.DirtiesContextTestExecutionListener, org.springframework.test.context.transaction.TransactionalTestExecutionListener, org.springframework.test.context.jdbc.SqlScriptsTestExecutionListener]
[INFO][2016-04-07 00:06:20,192][org.springframework.test.context.support.DefaultTestContextBootstrapper]Using TestExecutionListeners: [org.springframework.test.context.web.ServletTestExecutionListener@5f375618, org.springframework.test.context.support.DirtiesContextBeforeModesTestExecutionListener@1810399e, org.springframework.test.context.support.DependencyInjectionTestExecutionListener@32d992b2, org.springframework.test.context.support.DirtiesContextTestExecutionListener@215be6bb, org.springframework.test.context.transaction.TransactionalTestExecutionListener@4439f31e, org.springframework.test.context.jdbc.SqlScriptsTestExecutionListener@5dfcfece]
[INFO][2016-04-07 00:06:20,308][org.springframework.beans.factory.xml.XmlBeanDefinitionReader]Loading XML bean definitions from class path resource [Spring.xml]
[INFO][2016-04-07 00:06:20,531][org.springframework.beans.factory.xml.XmlBeanDefinitionReader]Loading XML bean definitions from class path resource [Spring-Hibernate.xml]
[INFO][2016-04-07 00:06:20,635][org.springframework.context.support.GenericApplicationContext]Refreshing org.springframework.context.support.GenericApplicationContext@146ba0ac: startup date [Thu Apr 07 00:06:20 CST 2016]; root of context hierarchy
[INFO][2016-04-07 00:06:21,072][com.mchange.v2.log.MLog]MLog clients using slf4j logging.
[INFO][2016-04-07 00:06:21,321][com.mchange.v2.c3p0.C3P0Registry]Initializing c3p0-0.9.5.2 [built 08-December-2015 22:06:04 -0800; debug? true; trace: 10]
[INFO][2016-04-07 00:06:21,622][org.hibernate.annotations.common.Version]HCANN000001: Hibernate Commons Annotations {4.0.5.Final}
[INFO][2016-04-07 00:06:21,628][org.hibernate.Version]HHH000412: Hibernate Core {4.3.11.Final}
[INFO][2016-04-07 00:06:21,630][org.hibernate.cfg.Environment]HHH000206: hibernate.properties not found
[INFO][2016-04-07 00:06:21,632][org.hibernate.cfg.Environment]HHH000021: Bytecode provider name : javassist
[INFO][2016-04-07 00:06:21,770][com.mchange.v2.c3p0.impl.AbstractPoolBackedDataSource]Initializing c3p0 pool... com.mchange.v2.c3p0.ComboPooledDataSource [ acquireIncrement -> 1, acquireRetryAttempts -> 30, acquireRetryDelay -> 1000, autoCommitOnClose -> false, automaticTestTable -> null, breakAfterAcquireFailure -> false, checkoutTimeout -> 0, connectionCustomizerClassName -> null, connectionTesterClassName -> com.mchange.v2.c3p0.impl.DefaultConnectionTester, contextClassLoaderSource -> caller, dataSourceName -> 1b60fev9f1tkkvk31nd0w6x|75d3a5e0, debugUnreturnedConnectionStackTraces -> false, description -> null, driverClass -> com.mysql.jdbc.Driver, extensions -> {}, factoryClassLocation -> null, forceIgnoreUnresolvedTransactions -> false, forceSynchronousCheckins -> false, forceUseNamedDriverClass -> false, identityToken -> 1b60fev9f1tkkvk31nd0w6x|75d3a5e0, idleConnectionTestPeriod -> 60, initialPoolSize -> 3, jdbcUrl -> jdbc:mysql://localhost:3306/passwordbox?characterEncoding=UTF-8, maxAdministrativeTaskTime -> 0, maxConnectionAge -> 0, maxIdleTime -> 60, maxIdleTimeExcessConnections -> 0, maxPoolSize -> 150, maxStatements -> 0, maxStatementsPerConnection -> 0, minPoolSize -> 1, numHelperThreads -> 3, preferredTestQuery -> null, privilegeSpawnedThreads -> false, properties -> {user=******, password=******}, propertyCycle -> 0, statementCacheNumDeferredCloseThreads -> 0, testConnectionOnCheckin -> false, testConnectionOnCheckout -> false, unreturnedConnectionTimeout -> 0, userOverrides -> {}, usesTraditionalReflectiveProxies -> false ]
[INFO][2016-04-07 00:06:22,142][org.hibernate.dialect.Dialect]HHH000400: Using dialect: org.hibernate.dialect.MySQLDialect
[INFO][2016-04-07 00:06:22,293][org.hibernate.engine.transaction.internal.TransactionFactoryInitiator]HHH000399: Using default transaction strategy (direct JDBC transactions)
[INFO][2016-04-07 00:06:22,299][org.hibernate.hql.internal.ast.ASTQueryTranslatorFactory]HHH000397: Using ASTQueryTranslatorFactory
[INFO][2016-04-07 00:06:22,802][org.springframework.orm.hibernate4.HibernateTransactionManager]Using DataSource [com.mchange.v2.c3p0.ComboPooledDataSource[ identityToken -> 1b60fev9f1tkkvk31nd0w6x|75d3a5e0, dataSourceName -> 1b60fev9f1tkkvk31nd0w6x|75d3a5e0 ]] of Hibernate SessionFactory for HibernateTransactionManager
[INFO][2016-04-07 00:06:23,042][com.henry.test.TestUserService]fdfd
[INFO][2016-04-07 00:06:23,046][org.springframework.context.support.GenericApplicationContext]Closing org.springframework.context.support.GenericApplicationContext@146ba0ac: startup date [Thu Apr 07 00:06:20 CST 2016]; root of context hierarchy
